<?xml version="1.0" encoding="UTF-8"?>
<testsuite xmlns:xsi="http://www.w3.org/2001/XMLSchema-instance" xsi:noNamespaceSchemaLocation="https://maven.apache.org/surefire/maven-surefire-plugin/xsd/surefire-test-report-3.0.xsd" version="3.0" name="com.example.goride.GorideApplicationTests" time="14.206" tests="1" errors="0" skipped="0" failures="0">
  <properties>
[...]
</properties>
  <testcase name="contextLoads" classname="com.example.goride.GorideApplicationTests" time="2.147">
    <system-out><![CDATA[21:43:52.241 [main] INFO org.springframework.test.context.support.AnnotationConfigContextLoaderUtils -- Could not detect default configuration classes for test class [com.example.goride.GorideApplicationTests]: GorideApplicationTests does not declare any static, non-private, non-final, nested classes annotated with @Configuration.
21:43:52.505 [main] INFO org.springframework.boot.test.context.SpringBootTestContextBootstrapper -- Found @SpringBootConfiguration com.example.goride.GorideApplication for test class com.example.goride.GorideApplicationTests

  .   ____          _            __ _ _
 /\\ / ___'_ __ _ _(_)_ __  __ _ \ \ \ \
( ( )\___ | '_ | '_| | '_ \/ _` | \ \ \ \
 \\/  ___)| |_)| | | | | || (_| |  ) ) ) )
  '  |____| .__|_| |_|_| |_\__, | / / / /
 =========|_|==============|___/=/_/_/_/
 :: Spring Boot ::                (v3.1.2)

2023-08-21T21:43:53.549+07:00  INFO 17204 --- [           main] m.p.springdotenv.DotenvPropertySource    : Initializing Dotenv with DotenvConfig{directory=null, filename=null, ignoreIfMalformed=false, ignoreIfMissing=true, systemProperties=false, prefix=null}
2023-08-21T21:43:53.607+07:00  INFO 17204 --- [           main] c.example.goride.GorideApplicationTests  : Starting GorideApplicationTests using Java 17.0.7 with PID 17204 (started by haoan in E:\Java\ktpm-goride\goride)
2023-08-21T21:43:53.609+07:00  INFO 17204 --- [           main] c.example.goride.GorideApplicationTests  : No active profile set, falling back to 1 default profile: "default"
2023-08-21T21:43:56.137+07:00  INFO 17204 --- [           main] .s.d.r.c.RepositoryConfigurationDelegate : Bootstrapping Spring Data MongoDB repositories in DEFAULT mode.
2023-08-21T21:43:56.336+07:00  INFO 17204 --- [           main] .s.d.r.c.RepositoryConfigurationDelegate : Finished Spring Data repository scanning in 185 ms. Found 3 MongoDB repository interfaces.
2023-08-21T21:43:57.901+07:00  INFO 17204 --- [8l5.mongodb.net] org.mongodb.driver.cluster               : Adding discovered server ac-rf7hsn3-shard-00-02.8v2f8l5.mongodb.net:27017 to client view of cluster
2023-08-21T21:43:57.925+07:00  INFO 17204 --- [           main] org.mongodb.driver.client                : MongoClient with metadata {"driver": {"name": "mongo-java-driver|sync|spring-boot", "version": "4.9.1"}, "os": {"type": "Windows", "name": "Windows 10", "architecture": "amd64", "version": "10.0"}, "platform": "Java/Oracle Corporation/17.0.7+8-LTS-224"} created with settings MongoClientSettings{readPreference=primary, writeConcern=WriteConcern{w=majority, wTimeout=null ms, journal=null}, retryWrites=true, retryReads=true, readConcern=ReadConcern{level=null}, credential=MongoCredential{mechanism=null, userName='nguyenminhgiabao2501', source='admin', password=<hidden>, mechanismProperties=<hidden>}, streamFactoryFactory=null, commandListeners=[], codecRegistry=ProvidersCodecRegistry{codecProviders=[ValueCodecProvider{}, BsonValueCodecProvider{}, DBRefCodecProvider{}, DBObjectCodecProvider{}, DocumentCodecProvider{}, CollectionCodecProvider{}, IterableCodecProvider{}, MapCodecProvider{}, GeoJsonCodecProvider{}, GridFSFileCodecProvider{}, Jsr310CodecProvider{}, JsonObjectCodecProvider{}, BsonCodecProvider{}, EnumCodecProvider{}, com.mongodb.client.model.mql.ExpressionCodecProvider@7066363, com.mongodb.Jep395RecordCodecProvider@75b38c36]}, loggerSettings=LoggerSettings{maxDocumentLength=1000}, clusterSettings={hosts=[127.0.0.1:27017], srvHost=cluster0.8v2f8l5.mongodb.net, srvServiceName=mongodb, mode=MULTIPLE, requiredClusterType=REPLICA_SET, requiredReplicaSetName='atlas-y8279r-shard-0', serverSelector='null', clusterListeners='[]', serverSelectionTimeout='30000 ms', localThreshold='30000 ms'}, socketSettings=SocketSettings{connectTimeoutMS=10000, readTimeoutMS=0, receiveBufferSize=0, sendBufferSize=0}, heartbeatSocketSettings=SocketSettings{connectTimeoutMS=10000, readTimeoutMS=10000, receiveBufferSize=0, sendBufferSize=0}, connectionPoolSettings=ConnectionPoolSettings{maxSize=100, minSize=0, maxWaitTimeMS=120000, maxConnectionLifeTimeMS=0, maxConnectionIdleTimeMS=0, maintenanceInitialDelayMS=0, maintenanceFrequencyMS=60000, connectionPoolListeners=[], maxConnecting=2}, serverSettings=ServerSettings{heartbeatFrequencyMS=10000, minHeartbeatFrequencyMS=500, serverListeners='[]', serverMonitorListeners='[]'}, sslSettings=SslSettings{enabled=true, invalidHostNameAllowed=false, context=null}, applicationName='null', compressorList=[], uuidRepresentation=JAVA_LEGACY, serverApi=null, autoEncryptionSettings=null, contextProvider=null}
2023-08-21T21:43:58.110+07:00  INFO 17204 --- [8l5.mongodb.net] org.mongodb.driver.cluster               : Adding discovered server ac-rf7hsn3-shard-00-00.8v2f8l5.mongodb.net:27017 to client view of cluster
2023-08-21T21:43:58.115+07:00  INFO 17204 --- [8l5.mongodb.net] org.mongodb.driver.cluster               : Adding discovered server ac-rf7hsn3-shard-00-01.8v2f8l5.mongodb.net:27017 to client view of cluster
2023-08-21T21:43:59.889+07:00  INFO 17204 --- [ngodb.net:27017] org.mongodb.driver.cluster               : Monitor thread successfully connected to server with description ServerDescription{address=ac-rf7hsn3-shard-00-02.8v2f8l5.mongodb.net:27017, type=REPLICA_SET_SECONDARY, state=CONNECTED, ok=true, minWireVersion=0, maxWireVersion=17, maxDocumentSize=16777216, logicalSessionTimeoutMinutes=30, roundTripTimeNanos=808097600, setName='atlas-y8279r-shard-0', canonicalAddress=ac-rf7hsn3-shard-00-02.8v2f8l5.mongodb.net:27017, hosts=[ac-rf7hsn3-shard-00-00.8v2f8l5.mongodb.net:27017, ac-rf7hsn3-shard-00-01.8v2f8l5.mongodb.net:27017, ac-rf7hsn3-shard-00-02.8v2f8l5.mongodb.net:27017], passives=[], arbiters=[], primary='ac-rf7hsn3-shard-00-01.8v2f8l5.mongodb.net:27017', tagSet=TagSet{[Tag{name='nodeType', value='ELECTABLE'}, Tag{name='provider', value='AWS'}, Tag{name='region', value='AP_SOUTHEAST_1'}, Tag{name='workloadType', value='OPERATIONAL'}]}, electionId=null, setVersion=7, topologyVersion=TopologyVersion{processId=64e1c05e28d44ca6390a514c, counter=3}, lastWriteDate=Mon Aug 21 21:44:00 ICT 2023, lastUpdateTimeNanos=21299731135400}
2023-08-21T21:43:59.889+07:00  INFO 17204 --- [ngodb.net:27017] org.mongodb.driver.cluster               : Monitor thread successfully connected to server with description ServerDescription{address=ac-rf7hsn3-shard-00-00.8v2f8l5.mongodb.net:27017, type=REPLICA_SET_SECONDARY, state=CONNECTED, ok=true, minWireVersion=0, maxWireVersion=17, maxDocumentSize=16777216, logicalSessionTimeoutMinutes=30, roundTripTimeNanos=809856900, setName='atlas-y8279r-shard-0', canonicalAddress=ac-rf7hsn3-shard-00-00.8v2f8l5.mongodb.net:27017, hosts=[ac-rf7hsn3-shard-00-00.8v2f8l5.mongodb.net:27017, ac-rf7hsn3-shard-00-01.8v2f8l5.mongodb.net:27017, ac-rf7hsn3-shard-00-02.8v2f8l5.mongodb.net:27017], passives=[], arbiters=[], primary='ac-rf7hsn3-shard-00-01.8v2f8l5.mongodb.net:27017', tagSet=TagSet{[Tag{name='nodeType', value='ELECTABLE'}, Tag{name='provider', value='AWS'}, Tag{name='region', value='AP_SOUTHEAST_1'}, Tag{name='workloadType', value='OPERATIONAL'}]}, electionId=null, setVersion=7, topologyVersion=TopologyVersion{processId=64e1bc9bdbc99e2ed64b6cac, counter=4}, lastWriteDate=Mon Aug 21 21:44:00 ICT 2023, lastUpdateTimeNanos=21299732900100}
2023-08-21T21:43:59.889+07:00  INFO 17204 --- [ngodb.net:27017] org.mongodb.driver.cluster               : Monitor thread successfully connected to server with description ServerDescription{address=ac-rf7hsn3-shard-00-01.8v2f8l5.mongodb.net:27017, type=REPLICA_SET_PRIMARY, state=CONNECTED, ok=true, minWireVersion=0, maxWireVersion=17, maxDocumentSize=16777216, logicalSessionTimeoutMinutes=30, roundTripTimeNanos=811007200, setName='atlas-y8279r-shard-0', canonicalAddress=ac-rf7hsn3-shard-00-01.8v2f8l5.mongodb.net:27017, hosts=[ac-rf7hsn3-shard-00-00.8v2f8l5.mongodb.net:27017, ac-rf7hsn3-shard-00-01.8v2f8l5.mongodb.net:27017, ac-rf7hsn3-shard-00-02.8v2f8l5.mongodb.net:27017], passives=[], arbiters=[], primary='ac-rf7hsn3-shard-00-01.8v2f8l5.mongodb.net:27017', tagSet=TagSet{[Tag{name='nodeType', value='ELECTABLE'}, Tag{name='provider', value='AWS'}, Tag{name='region', value='AP_SOUTHEAST_1'}, Tag{name='workloadType', value='OPERATIONAL'}]}, electionId=7fffffff00000000000000d1, setVersion=7, topologyVersion=TopologyVersion{processId=64e1bf4ce75a1f63568f3dd9, counter=6}, lastWriteDate=Mon Aug 21 21:44:00 ICT 2023, lastUpdateTimeNanos=21299734006800}
2023-08-21T21:43:59.913+07:00  INFO 17204 --- [ngodb.net:27017] org.mongodb.driver.cluster               : Discovered replica set primary ac-rf7hsn3-shard-00-01.8v2f8l5.mongodb.net:27017 with max election id 7fffffff00000000000000d1 and max set version 7
2023-08-21T21:44:01.621+07:00  INFO 17204 --- [           main] o.s.s.web.DefaultSecurityFilterChain     : Will secure any request with [org.springframework.security.web.session.DisableEncodeUrlFilter@69a373fd, org.springframework.security.web.context.request.async.WebAsyncManagerIntegrationFilter@19ae36f4, org.springframework.security.web.context.SecurityContextHolderFilter@d6b532f, org.springframework.security.web.header.HeaderWriterFilter@3719360c, org.springframework.security.web.authentication.logout.LogoutFilter@5323999f, com.example.goride.security.jwt.AuthTokenFilter@6735f210, org.springframework.security.web.savedrequest.RequestCacheAwareFilter@112c2930, org.springframework.security.web.servletapi.SecurityContextHolderAwareRequestFilter@7f426ddd, org.springframework.security.web.authentication.AnonymousAuthenticationFilter@4567fb2b, org.springframework.security.web.session.SessionManagementFilter@587f4f63, org.springframework.security.web.access.ExceptionTranslationFilter@1f949ab9, org.springframework.security.web.access.intercept.AuthorizationFilter@7f51f588]
2023-08-21T21:44:03.701+07:00  INFO 17204 --- [           main] o.s.m.s.b.SimpleBrokerMessageHandler     : Starting...
2023-08-21T21:44:03.712+07:00  INFO 17204 --- [           main] o.s.m.s.b.SimpleBrokerMessageHandler     : BrokerAvailabilityEvent[available=true, SimpleBrokerMessageHandler [org.springframework.messaging.simp.broker.DefaultSubscriptionRegistry@12aa381f]]
2023-08-21T21:44:03.713+07:00  INFO 17204 --- [           main] o.s.m.s.b.SimpleBrokerMessageHandler     : Started.
2023-08-21T21:44:03.748+07:00  INFO 17204 --- [           main] c.example.goride.GorideApplicationTests  : Started GorideApplicationTests in 10.834 seconds (process running for 13.495)
]]></system-out>
  </testcase>
</testsuite>